2013/11/13 23:44:26 [error] [php] Use of undefined constant layouts - assumed 'layouts' (/var/www/testdrive/protected/views/layouts/main.php:48)
Stack trace:
#0 /var/www/yii/framework/web/widgets/CContentDecorator.php(76): SiteController->renderFile()
#1 /var/www/yii/framework/web/widgets/CContentDecorator.php(54): CContentDecorator->decorate()
#2 /var/www/yii/framework/web/widgets/COutputProcessor.php(44): CContentDecorator->processOutput()
#3 /var/www/yii/framework/web/CBaseController.php(214): CContentDecorator->run()
#4 /var/www/yii/framework/web/CBaseController.php(308): SiteController->endWidget()
#5 /var/www/testdrive/protected/views/layouts/column1.php(6): SiteController->endContent()
#6 /var/www/yii/framework/web/CBaseController.php(126): require()
#7 /var/www/yii/framework/web/CBaseController.php(95): SiteController->renderInternal()
#8 /var/www/yii/framework/web/CController.php(784): SiteController->renderFile()
#9 /var/www/testdrive/protected/controllers/SiteController.php(32): SiteController->render()
#10 /var/www/yii/framework/web/actions/CInlineAction.php(49): SiteController->actionIndex()
#11 /var/www/yii/framework/web/CController.php(308): CInlineAction->runWithParams()
#12 /var/www/yii/framework/web/CController.php(286): SiteController->runAction()
#13 /var/www/yii/framework/web/CController.php(265): SiteController->runActionWithFilters()
#14 /var/www/yii/framework/web/CWebApplication.php(282): SiteController->run()
#15 /var/www/yii/framework/web/CWebApplication.php(141): CWebApplication->runController()
#16 /var/www/yii/framework/base/CApplication.php(180): CWebApplication->processRequest()
#17 /var/www/testdrive/index.php(13): CWebApplication->run()
REQUEST_URI=/testdrive/
in /var/www/testdrive/protected/views/layouts/main.php (48)
in /var/www/testdrive/protected/views/layouts/column1.php (6)
in /var/www/testdrive/protected/controllers/SiteController.php (32)
2013/11/13 23:44:55 [error] [php] Use of undefined constant layouts - assumed 'layouts' (/var/www/testdrive/protected/views/layouts/main.php:48)
Stack trace:
#0 /var/www/yii/framework/web/widgets/CContentDecorator.php(76): SiteController->renderFile()
#1 /var/www/yii/framework/web/widgets/CContentDecorator.php(54): CContentDecorator->decorate()
#2 /var/www/yii/framework/web/widgets/COutputProcessor.php(44): CContentDecorator->processOutput()
#3 /var/www/yii/framework/web/CBaseController.php(214): CContentDecorator->run()
#4 /var/www/yii/framework/web/CBaseController.php(308): SiteController->endWidget()
#5 /var/www/testdrive/protected/views/layouts/column1.php(6): SiteController->endContent()
#6 /var/www/yii/framework/web/CBaseController.php(126): require()
#7 /var/www/yii/framework/web/CBaseController.php(95): SiteController->renderInternal()
#8 /var/www/yii/framework/web/CController.php(784): SiteController->renderFile()
#9 /var/www/testdrive/protected/controllers/SiteController.php(32): SiteController->render()
#10 /var/www/yii/framework/web/actions/CInlineAction.php(49): SiteController->actionIndex()
#11 /var/www/yii/framework/web/CController.php(308): CInlineAction->runWithParams()
#12 /var/www/yii/framework/web/CController.php(286): SiteController->runAction()
#13 /var/www/yii/framework/web/CController.php(265): SiteController->runActionWithFilters()
#14 /var/www/yii/framework/web/CWebApplication.php(282): SiteController->run()
#15 /var/www/yii/framework/web/CWebApplication.php(141): CWebApplication->runController()
#16 /var/www/yii/framework/base/CApplication.php(180): CWebApplication->processRequest()
#17 /var/www/testdrive/index.php(13): CWebApplication->run()
REQUEST_URI=/testdrive/
in /var/www/testdrive/protected/views/layouts/main.php (48)
in /var/www/testdrive/protected/views/layouts/column1.php (6)
in /var/www/testdrive/protected/controllers/SiteController.php (32)
2013/11/14 01:44:45 [error] [exception.CHttpException.404] exception 'CHttpException' with message 'The system is unable to find the requested action "about".' in C:\wamp\www\yii\framework\web\CController.php:483
Stack trace:
#0 C:\wamp\www\yii\framework\web\CController.php(270): CController->missingAction('about')
#1 C:\wamp\www\yii\framework\web\CWebApplication.php(282): CController->run('about')
#2 C:\wamp\www\yii\framework\web\CWebApplication.php(141): CWebApplication->runController('site/about')
#3 C:\wamp\www\yii\framework\base\CApplication.php(180): CWebApplication->processRequest()
#4 C:\wamp\www\testdrive\index.php(13): CApplication->run()
#5 {main}
REQUEST_URI=/testdrive/index.php/site/about
---
2013/11/14 01:44:50 [error] [exception.CHttpException.404] exception 'CHttpException' with message 'The system is unable to find the requested action "about".' in C:\wamp\www\yii\framework\web\CController.php:483
Stack trace:
#0 C:\wamp\www\yii\framework\web\CController.php(270): CController->missingAction('about')
#1 C:\wamp\www\yii\framework\web\CWebApplication.php(282): CController->run('about')
#2 C:\wamp\www\yii\framework\web\CWebApplication.php(141): CWebApplication->runController('site/about')
#3 C:\wamp\www\yii\framework\base\CApplication.php(180): CWebApplication->processRequest()
#4 C:\wamp\www\testdrive\index.php(13): CApplication->run()
#5 {main}
REQUEST_URI=/testdrive/index.php/site/about
---
2013/11/14 02:52:09 [error] [php] Object of class LoginForm could not be converted to string (C:\wamp\www\testdrive\protected\views\site\login.php:63)
Stack trace:
#0 C:\wamp\www\yii\framework\web\CController.php(869): SiteController->renderFile()
#1 C:\wamp\www\yii\framework\web\CController.php(782): SiteController->renderPartial()
#2 C:\wamp\www\testdrive\protected\controllers\SiteController.php(98): SiteController->render()
#3 C:\wamp\www\yii\framework\web\actions\CInlineAction.php(49): SiteController->actionLogin()
#4 C:\wamp\www\yii\framework\web\CController.php(308): CInlineAction->runWithParams()
#5 C:\wamp\www\yii\framework\web\CController.php(286): SiteController->runAction()
#6 C:\wamp\www\yii\framework\web\CController.php(265): SiteController->runActionWithFilters()
#7 C:\wamp\www\yii\framework\web\CWebApplication.php(282): SiteController->run()
#8 C:\wamp\www\yii\framework\web\CWebApplication.php(141): CWebApplication->runController()
#9 C:\wamp\www\yii\framework\base\CApplication.php(180): CWebApplication->processRequest()
#10 C:\wamp\www\testdrive\index.php(13): CWebApplication->run()
REQUEST_URI=/testdrive/index.php/site/login
in C:\wamp\www\testdrive\protected\views\site\login.php (63)
in C:\wamp\www\testdrive\protected\controllers\SiteController.php (98)
in C:\wamp\www\testdrive\index.php (13)
2013/11/14 03:00:41 [error] [php] Undefined variable: form (C:\wamp\www\testdrive\protected\views\site\login.php:28)
Stack trace:
#0 C:\wamp\www\yii\framework\web\CController.php(869): SiteController->renderFile()
#1 C:\wamp\www\yii\framework\web\CController.php(782): SiteController->renderPartial()
#2 C:\wamp\www\testdrive\protected\controllers\SiteController.php(98): SiteController->render()
#3 C:\wamp\www\yii\framework\web\actions\CInlineAction.php(49): SiteController->actionLogin()
#4 C:\wamp\www\yii\framework\web\CController.php(308): CInlineAction->runWithParams()
#5 C:\wamp\www\yii\framework\web\CController.php(286): SiteController->runAction()
#6 C:\wamp\www\yii\framework\web\CController.php(265): SiteController->runActionWithFilters()
#7 C:\wamp\www\yii\framework\web\CWebApplication.php(282): SiteController->run()
#8 C:\wamp\www\yii\framework\web\CWebApplication.php(141): CWebApplication->runController()
#9 C:\wamp\www\yii\framework\base\CApplication.php(180): CWebApplication->processRequest()
#10 C:\wamp\www\testdrive\index.php(13): CWebApplication->run()
REQUEST_URI=/testdrive/index.php/site/login
in C:\wamp\www\testdrive\protected\views\site\login.php (28)
in C:\wamp\www\testdrive\protected\controllers\SiteController.php (98)
in C:\wamp\www\testdrive\index.php (13)
2013/11/14 06:29:57 [error] [exception.CHttpException.404] exception 'CHttpException' with message 'The system is unable to find the requested action "signup".' in C:\wamp\www\yii\framework\web\CController.php:483
Stack trace:
#0 C:\wamp\www\yii\framework\web\CController.php(270): CController->missingAction('signup')
#1 C:\wamp\www\yii\framework\web\CWebApplication.php(282): CController->run('signup')
#2 C:\wamp\www\yii\framework\web\CWebApplication.php(141): CWebApplication->runController('site/signup')
#3 C:\wamp\www\yii\framework\base\CApplication.php(180): CWebApplication->processRequest()
#4 C:\wamp\www\testdrive\index.php(13): CApplication->run()
#5 {main}
REQUEST_URI=/testdrive/index.php/site/signup
HTTP_REFERER=http://localhost/testdrive/index.php/site/login
---
2013/11/14 06:33:33 [error] [exception.CHttpException.404] exception 'CHttpException' with message 'The system is unable to find the requested action "signup".' in C:\wamp\www\yii\framework\web\CController.php:483
Stack trace:
#0 C:\wamp\www\yii\framework\web\CController.php(270): CController->missingAction('signup')
#1 C:\wamp\www\yii\framework\web\CWebApplication.php(282): CController->run('signup')
#2 C:\wamp\www\yii\framework\web\CWebApplication.php(141): CWebApplication->runController('site/signup')
#3 C:\wamp\www\yii\framework\base\CApplication.php(180): CWebApplication->processRequest()
#4 C:\wamp\www\testdrive\index.php(13): CApplication->run()
#5 {main}
REQUEST_URI=/testdrive/index.php/site/signup
HTTP_REFERER=http://localhost/testdrive/index.php/site/login
---
2013/11/14 06:33:35 [error] [exception.CException] exception 'CException' with message 'SiteController cannot find the requested view "login".' in C:\wamp\www\yii\framework\web\CController.php:878
Stack trace:
#0 C:\wamp\www\yii\framework\web\CController.php(782): CController->renderPartial('login', Array, true)
#1 C:\wamp\www\testdrive\protected\controllers\SiteController.php(98): CController->render('login', Array)
#2 C:\wamp\www\yii\framework\web\actions\CInlineAction.php(49): SiteController->actionLogin()
#3 C:\wamp\www\yii\framework\web\CController.php(308): CInlineAction->runWithParams(Array)
#4 C:\wamp\www\yii\framework\web\CController.php(286): CController->runAction(Object(CInlineAction))
#5 C:\wamp\www\yii\framework\web\CController.php(265): CController->runActionWithFilters(Object(CInlineAction), Array)
#6 C:\wamp\www\yii\framework\web\CWebApplication.php(282): CController->run('login')
#7 C:\wamp\www\yii\framework\web\CWebApplication.php(141): CWebApplication->runController('site/login')
#8 C:\wamp\www\yii\framework\base\CApplication.php(180): CWebApplication->processRequest()
#9 C:\wamp\www\testdrive\index.php(13): CApplication->run()
#10 {main}
REQUEST_URI=/testdrive/index.php/site/login
HTTP_REFERER=http://localhost/testdrive/index.php/site/signup
---
2013/11/14 06:39:09 [error] [exception.CHttpException.404] exception 'CHttpException' with message 'The system is unable to find the requested action "signup".' in C:\wamp\www\yii\framework\web\CController.php:483
Stack trace:
#0 C:\wamp\www\yii\framework\web\CController.php(270): CController->missingAction('signup')
#1 C:\wamp\www\yii\framework\web\CWebApplication.php(282): CController->run('signup')
#2 C:\wamp\www\yii\framework\web\CWebApplication.php(141): CWebApplication->runController('site/signup')
#3 C:\wamp\www\yii\framework\base\CApplication.php(180): CWebApplication->processRequest()
#4 C:\wamp\www\testdrive\index.php(13): CApplication->run()
#5 {main}
REQUEST_URI=/testdrive/index.php/site/signup
HTTP_REFERER=http://localhost/testdrive/index.php/site/login
---
2013/11/14 06:40:16 [error] [exception.CHttpException.404] exception 'CHttpException' with message 'The system is unable to find the requested action "login".' in C:\wamp\www\yii\framework\web\CController.php:483
Stack trace:
#0 C:\wamp\www\yii\framework\web\CController.php(270): CController->missingAction('login')
#1 C:\wamp\www\yii\framework\web\CWebApplication.php(282): CController->run('login')
#2 C:\wamp\www\yii\framework\web\CWebApplication.php(141): CWebApplication->runController('site/login')
#3 C:\wamp\www\yii\framework\base\CApplication.php(180): CWebApplication->processRequest()
#4 C:\wamp\www\testdrive\index.php(13): CApplication->run()
#5 {main}
REQUEST_URI=/testdrive/index.php/site/login
HTTP_REFERER=http://localhost/testdrive/index.php/site/contact
---
2013/11/14 06:40:18 [error] [exception.CHttpException.404] exception 'CHttpException' with message 'The system is unable to find the requested action "login".' in C:\wamp\www\yii\framework\web\CController.php:483
Stack trace:
#0 C:\wamp\www\yii\framework\web\CController.php(270): CController->missingAction('login')
#1 C:\wamp\www\yii\framework\web\CWebApplication.php(282): CController->run('login')
#2 C:\wamp\www\yii\framework\web\CWebApplication.php(141): CWebApplication->runController('site/login')
#3 C:\wamp\www\yii\framework\base\CApplication.php(180): CWebApplication->processRequest()
#4 C:\wamp\www\testdrive\index.php(13): CApplication->run()
#5 {main}
REQUEST_URI=/testdrive/index.php/site/login
HTTP_REFERER=http://localhost/testdrive/index.php/site/login
---
2013/11/14 06:40:19 [error] [exception.CHttpException.404] exception 'CHttpException' with message 'The system is unable to find the requested action "login".' in C:\wamp\www\yii\framework\web\CController.php:483
Stack trace:
#0 C:\wamp\www\yii\framework\web\CController.php(270): CController->missingAction('login')
#1 C:\wamp\www\yii\framework\web\CWebApplication.php(282): CController->run('login')
#2 C:\wamp\www\yii\framework\web\CWebApplication.php(141): CWebApplication->runController('site/login')
#3 C:\wamp\www\yii\framework\base\CApplication.php(180): CWebApplication->processRequest()
#4 C:\wamp\www\testdrive\index.php(13): CApplication->run()
#5 {main}
REQUEST_URI=/testdrive/index.php/site/login
HTTP_REFERER=http://localhost/testdrive/index.php/site/login
---
2013/11/14 06:40:19 [error] [exception.CHttpException.404] exception 'CHttpException' with message 'The system is unable to find the requested action "login".' in C:\wamp\www\yii\framework\web\CController.php:483
Stack trace:
#0 C:\wamp\www\yii\framework\web\CController.php(270): CController->missingAction('login')
#1 C:\wamp\www\yii\framework\web\CWebApplication.php(282): CController->run('login')
#2 C:\wamp\www\yii\framework\web\CWebApplication.php(141): CWebApplication->runController('site/login')
#3 C:\wamp\www\yii\framework\base\CApplication.php(180): CWebApplication->processRequest()
#4 C:\wamp\www\testdrive\index.php(13): CApplication->run()
#5 {main}
REQUEST_URI=/testdrive/index.php/site/login
HTTP_REFERER=http://localhost/testdrive/index.php/site/login
---
2013/11/14 06:40:20 [error] [exception.CHttpException.404] exception 'CHttpException' with message 'The system is unable to find the requested action "login".' in C:\wamp\www\yii\framework\web\CController.php:483
Stack trace:
#0 C:\wamp\www\yii\framework\web\CController.php(270): CController->missingAction('login')
#1 C:\wamp\www\yii\framework\web\CWebApplication.php(282): CController->run('login')
#2 C:\wamp\www\yii\framework\web\CWebApplication.php(141): CWebApplication->runController('site/login')
#3 C:\wamp\www\yii\framework\base\CApplication.php(180): CWebApplication->processRequest()
#4 C:\wamp\www\testdrive\index.php(13): CApplication->run()
#5 {main}
REQUEST_URI=/testdrive/index.php/site/login
HTTP_REFERER=http://localhost/testdrive/index.php/site/login
---
2013/11/14 06:41:51 [error] [exception.CHttpException.404] exception 'CHttpException' with message 'The system is unable to find the requested action "login".' in C:\wamp\www\yii\framework\web\CController.php:483
Stack trace:
#0 C:\wamp\www\yii\framework\web\CController.php(270): CController->missingAction('login')
#1 C:\wamp\www\yii\framework\web\CWebApplication.php(282): CController->run('login')
#2 C:\wamp\www\yii\framework\web\CWebApplication.php(141): CWebApplication->runController('site/login')
#3 C:\wamp\www\yii\framework\base\CApplication.php(180): CWebApplication->processRequest()
#4 C:\wamp\www\testdrive\index.php(13): CApplication->run()
#5 {main}
REQUEST_URI=/testdrive/index.php/site/login
HTTP_REFERER=http://localhost/testdrive/index.php/site/login
---
2013/11/14 06:44:46 [error] [exception.CHttpException.404] exception 'CHttpException' with message 'The system is unable to find the requested action "signup".' in C:\wamp\www\yii\framework\web\CController.php:483
Stack trace:
#0 C:\wamp\www\yii\framework\web\CController.php(270): CController->missingAction('signup')
#1 C:\wamp\www\yii\framework\web\CWebApplication.php(282): CController->run('signup')
#2 C:\wamp\www\yii\framework\web\CWebApplication.php(141): CWebApplication->runController('site/signup')
#3 C:\wamp\www\yii\framework\base\CApplication.php(180): CWebApplication->processRequest()
#4 C:\wamp\www\testdrive\index.php(13): CApplication->run()
#5 {main}
REQUEST_URI=/testdrive/index.php/site/signup
HTTP_REFERER=http://localhost/testdrive/index.php/site/login
---
2013/11/14 07:07:46 [error] [exception.CHttpException.404] exception 'CHttpException' with message 'The system is unable to find the requested action "login".' in C:\wamp\www\yii\framework\web\CController.php:483
Stack trace:
#0 C:\wamp\www\yii\framework\web\CController.php(270): CController->missingAction('login')
#1 C:\wamp\www\yii\framework\web\CWebApplication.php(282): CController->run('login')
#2 C:\wamp\www\yii\framework\web\CWebApplication.php(141): CWebApplication->runController('user/login')
#3 C:\wamp\www\yii\framework\base\CApplication.php(180): CWebApplication->processRequest()
#4 C:\wamp\www\testdrive\index.php(13): CApplication->run()
#5 {main}
REQUEST_URI=/testdrive/index.php/user/login
---
2013/11/14 07:07:57 [error] [exception.CHttpException.404] exception 'CHttpException' with message 'The system is unable to find the requested action "signup".' in C:\wamp\www\yii\framework\web\CController.php:483
Stack trace:
#0 C:\wamp\www\yii\framework\web\CController.php(270): CController->missingAction('signup')
#1 C:\wamp\www\yii\framework\web\CWebApplication.php(282): CController->run('signup')
#2 C:\wamp\www\yii\framework\web\CWebApplication.php(141): CWebApplication->runController('user/signup')
#3 C:\wamp\www\yii\framework\base\CApplication.php(180): CWebApplication->processRequest()
#4 C:\wamp\www\testdrive\index.php(13): CApplication->run()
#5 {main}
REQUEST_URI=/testdrive/index.php/user/signup
---
2013/11/14 07:08:44 [error] [exception.CException] exception 'CException' with message 'SignupAction and its behaviors do not have a method or closure named "render".' in C:\wamp\www\yii\framework\base\CComponent.php:266
Stack trace:
#0 C:\wamp\www\testdrive\protected\controllers\user\SignupAction.php(6): CComponent->__call('render', Array)
#1 C:\wamp\www\testdrive\protected\controllers\user\SignupAction.php(6): SignupAction->render('../user/signup')
#2 C:\wamp\www\yii\framework\web\actions\CAction.php(76): SignupAction->run()
#3 C:\wamp\www\yii\framework\web\CController.php(308): CAction->runWithParams(Array)
#4 C:\wamp\www\yii\framework\web\CController.php(286): CController->runAction(Object(SignupAction))
#5 C:\wamp\www\yii\framework\web\CController.php(265): CController->runActionWithFilters(Object(SignupAction), Array)
#6 C:\wamp\www\yii\framework\web\CWebApplication.php(282): CController->run('signup')
#7 C:\wamp\www\yii\framework\web\CWebApplication.php(141): CWebApplication->runController('user/signup')
#8 C:\wamp\www\yii\framework\base\CApplication.php(180): CWebApplication->processRequest()
#9 C:\wamp\www\testdrive\index.php(13): CApplication->run()
#10 {main}
REQUEST_URI=/testdrive/index.php/user/signup
---
2013/11/14 07:08:57 [error] [exception.CException] exception 'CException' with message 'SignupAction and its behaviors do not have a method or closure named "render".' in C:\wamp\www\yii\framework\base\CComponent.php:266
Stack trace:
#0 C:\wamp\www\testdrive\protected\controllers\user\SignupAction.php(6): CComponent->__call('render', Array)
#1 C:\wamp\www\testdrive\protected\controllers\user\SignupAction.php(6): SignupAction->render('/signup')
#2 C:\wamp\www\yii\framework\web\actions\CAction.php(76): SignupAction->run()
#3 C:\wamp\www\yii\framework\web\CController.php(308): CAction->runWithParams(Array)
#4 C:\wamp\www\yii\framework\web\CController.php(286): CController->runAction(Object(SignupAction))
#5 C:\wamp\www\yii\framework\web\CController.php(265): CController->runActionWithFilters(Object(SignupAction), Array)
#6 C:\wamp\www\yii\framework\web\CWebApplication.php(282): CController->run('signup')
#7 C:\wamp\www\yii\framework\web\CWebApplication.php(141): CWebApplication->runController('user/signup')
#8 C:\wamp\www\yii\framework\base\CApplication.php(180): CWebApplication->processRequest()
#9 C:\wamp\www\testdrive\index.php(13): CApplication->run()
#10 {main}
REQUEST_URI=/testdrive/index.php/user/signup
---
2013/11/14 07:09:16 [error] [exception.CException] exception 'CException' with message 'SignupAction and its behaviors do not have a method or closure named "render".' in C:\wamp\www\yii\framework\base\CComponent.php:266
Stack trace:
#0 C:\wamp\www\testdrive\protected\controllers\user\SignupAction.php(6): CComponent->__call('render', Array)
#1 C:\wamp\www\testdrive\protected\controllers\user\SignupAction.php(6): SignupAction->render('signup')
#2 C:\wamp\www\yii\framework\web\actions\CAction.php(76): SignupAction->run()
#3 C:\wamp\www\yii\framework\web\CController.php(308): CAction->runWithParams(Array)
#4 C:\wamp\www\yii\framework\web\CController.php(286): CController->runAction(Object(SignupAction))
#5 C:\wamp\www\yii\framework\web\CController.php(265): CController->runActionWithFilters(Object(SignupAction), Array)
#6 C:\wamp\www\yii\framework\web\CWebApplication.php(282): CController->run('signup')
#7 C:\wamp\www\yii\framework\web\CWebApplication.php(141): CWebApplication->runController('user/signup')
#8 C:\wamp\www\yii\framework\base\CApplication.php(180): CWebApplication->processRequest()
#9 C:\wamp\www\testdrive\index.php(13): CApplication->run()
#10 {main}
REQUEST_URI=/testdrive/index.php/user/signup
---
2013/11/14 07:09:47 [error] [exception.CException] exception 'CException' with message 'SignupAction and its behaviors do not have a method or closure named "render".' in C:\wamp\www\yii\framework\base\CComponent.php:266
Stack trace:
#0 C:\wamp\www\testdrive\protected\controllers\user\SignupAction.php(6): CComponent->__call('render', Array)
#1 C:\wamp\www\testdrive\protected\controllers\user\SignupAction.php(6): SignupAction->render('signup')
#2 C:\wamp\www\yii\framework\web\actions\CAction.php(76): SignupAction->run()
#3 C:\wamp\www\yii\framework\web\CController.php(308): CAction->runWithParams(Array)
#4 C:\wamp\www\yii\framework\web\CController.php(286): CController->runAction(Object(SignupAction))
#5 C:\wamp\www\yii\framework\web\CController.php(265): CController->runActionWithFilters(Object(SignupAction), Array)
#6 C:\wamp\www\yii\framework\web\CWebApplication.php(282): CController->run('signup')
#7 C:\wamp\www\yii\framework\web\CWebApplication.php(141): CWebApplication->runController('user/signup')
#8 C:\wamp\www\yii\framework\base\CApplication.php(180): CWebApplication->processRequest()
#9 C:\wamp\www\testdrive\index.php(13): CApplication->run()
#10 {main}
REQUEST_URI=/testdrive/index.php/user/signup
---
2013/11/14 07:11:03 [error] [exception.CHttpException.404] exception 'CHttpException' with message 'The system is unable to find the requested action "login".' in C:\wamp\www\yii\framework\web\CController.php:483
Stack trace:
#0 C:\wamp\www\yii\framework\web\CController.php(270): CController->missingAction('login')
#1 C:\wamp\www\yii\framework\web\CWebApplication.php(282): CController->run('login')
#2 C:\wamp\www\yii\framework\web\CWebApplication.php(141): CWebApplication->runController('user/login')
#3 C:\wamp\www\yii\framework\base\CApplication.php(180): CWebApplication->processRequest()
#4 C:\wamp\www\testdrive\index.php(13): CApplication->run()
#5 {main}
REQUEST_URI=/testdrive/index.php/user/login
---
2013/11/14 07:11:09 [error] [exception.CException] exception 'CException' with message 'SignupAction and its behaviors do not have a method or closure named "render".' in C:\wamp\www\yii\framework\base\CComponent.php:266
Stack trace:
#0 C:\wamp\www\testdrive\protected\controllers\user\SignupAction.php(6): CComponent->__call('render', Array)
#1 C:\wamp\www\testdrive\protected\controllers\user\SignupAction.php(6): SignupAction->render('signup')
#2 C:\wamp\www\yii\framework\web\actions\CAction.php(76): SignupAction->run()
#3 C:\wamp\www\yii\framework\web\CController.php(308): CAction->runWithParams(Array)
#4 C:\wamp\www\yii\framework\web\CController.php(286): CController->runAction(Object(SignupAction))
#5 C:\wamp\www\yii\framework\web\CController.php(265): CController->runActionWithFilters(Object(SignupAction), Array)
#6 C:\wamp\www\yii\framework\web\CWebApplication.php(282): CController->run('signup')
#7 C:\wamp\www\yii\framework\web\CWebApplication.php(141): CWebApplication->runController('user/signup')
#8 C:\wamp\www\yii\framework\base\CApplication.php(180): CWebApplication->processRequest()
#9 C:\wamp\www\testdrive\index.php(13): CApplication->run()
#10 {main}
REQUEST_URI=/testdrive/index.php/user/signup
---
2013/11/14 07:12:36 [error] [exception.CException] exception 'CException' with message 'SignupAction and its behaviors do not have a method or closure named "render".' in C:\wamp\www\yii\framework\base\CComponent.php:266
Stack trace:
#0 C:\wamp\www\testdrive\protected\controllers\user\SignupAction.php(6): CComponent->__call('render', Array)
#1 C:\wamp\www\testdrive\protected\controllers\user\SignupAction.php(6): SignupAction->render('../user/signup')
#2 C:\wamp\www\yii\framework\web\actions\CAction.php(76): SignupAction->run()
#3 C:\wamp\www\yii\framework\web\CController.php(308): CAction->runWithParams(Array)
#4 C:\wamp\www\yii\framework\web\CController.php(286): CController->runAction(Object(SignupAction))
#5 C:\wamp\www\yii\framework\web\CController.php(265): CController->runActionWithFilters(Object(SignupAction), Array)
#6 C:\wamp\www\yii\framework\web\CWebApplication.php(282): CController->run('signup')
#7 C:\wamp\www\yii\framework\web\CWebApplication.php(141): CWebApplication->runController('user/signup')
#8 C:\wamp\www\yii\framework\base\CApplication.php(180): CWebApplication->processRequest()
#9 C:\wamp\www\testdrive\index.php(13): CApplication->run()
#10 {main}
REQUEST_URI=/testdrive/index.php/user/signup
---
2013/11/14 07:20:22 [error] [exception.CHttpException.404] exception 'CHttpException' with message 'The system is unable to find the requested action "login".' in C:\wamp\www\yii\framework\web\CController.php:483
Stack trace:
#0 C:\wamp\www\yii\framework\web\CController.php(270): CController->missingAction('login')
#1 C:\wamp\www\yii\framework\web\CWebApplication.php(282): CController->run('login')
#2 C:\wamp\www\yii\framework\web\CWebApplication.php(141): CWebApplication->runController('site/login')
#3 C:\wamp\www\yii\framework\base\CApplication.php(180): CWebApplication->processRequest()
#4 C:\wamp\www\testdrive\index.php(13): CApplication->run()
#5 {main}
REQUEST_URI=/testdrive/index.php/site/login
HTTP_REFERER=http://localhost/testdrive/index.php/site/login
---
2013/11/14 07:20:34 [error] [exception.CHttpException.404] exception 'CHttpException' with message 'The system is unable to find the requested action "login".' in C:\wamp\www\yii\framework\web\CController.php:483
Stack trace:
#0 C:\wamp\www\yii\framework\web\CController.php(270): CController->missingAction('login')
#1 C:\wamp\www\yii\framework\web\CWebApplication.php(282): CController->run('login')
#2 C:\wamp\www\yii\framework\web\CWebApplication.php(141): CWebApplication->runController('site/login')
#3 C:\wamp\www\yii\framework\base\CApplication.php(180): CWebApplication->processRequest()
#4 C:\wamp\www\testdrive\index.php(13): CApplication->run()
#5 {main}
REQUEST_URI=/testdrive/index.php/site/login
HTTP_REFERER=http://localhost/testdrive/index.php/site/contact
---
2013/11/14 07:20:35 [error] [exception.CHttpException.404] exception 'CHttpException' with message 'The system is unable to find the requested action "login".' in C:\wamp\www\yii\framework\web\CController.php:483
Stack trace:
#0 C:\wamp\www\yii\framework\web\CController.php(270): CController->missingAction('login')
#1 C:\wamp\www\yii\framework\web\CWebApplication.php(282): CController->run('login')
#2 C:\wamp\www\yii\framework\web\CWebApplication.php(141): CWebApplication->runController('site/login')
#3 C:\wamp\www\yii\framework\base\CApplication.php(180): CWebApplication->processRequest()
#4 C:\wamp\www\testdrive\index.php(13): CApplication->run()
#5 {main}
REQUEST_URI=/testdrive/index.php/site/login
HTTP_REFERER=http://localhost/testdrive/index.php/site/login
---
2013/11/14 07:23:36 [error] [exception.CHttpException.404] exception 'CHttpException' with message 'The system is unable to find the requested action "login".' in C:\wamp\www\yii\framework\web\CController.php:483
Stack trace:
#0 C:\wamp\www\yii\framework\web\CController.php(270): CController->missingAction('login')
#1 C:\wamp\www\yii\framework\web\CWebApplication.php(282): CController->run('login')
#2 C:\wamp\www\yii\framework\web\CWebApplication.php(141): CWebApplication->runController('user/login')
#3 C:\wamp\www\yii\framework\base\CApplication.php(180): CWebApplication->processRequest()
#4 C:\wamp\www\testdrive\index.php(13): CApplication->run()
#5 {main}
REQUEST_URI=/testdrive/index.php/user/login
HTTP_REFERER=http://localhost/testdrive/index.php/user/login
---
2013/11/14 07:25:15 [error] [exception.CHttpException.404] exception 'CHttpException' with message 'The system is unable to find the requested action "signout".' in C:\wamp\www\yii\framework\web\CController.php:483
Stack trace:
#0 C:\wamp\www\yii\framework\web\CController.php(270): CController->missingAction('signout')
#1 C:\wamp\www\yii\framework\web\CWebApplication.php(282): CController->run('signout')
#2 C:\wamp\www\yii\framework\web\CWebApplication.php(141): CWebApplication->runController('user/signout')
#3 C:\wamp\www\yii\framework\base\CApplication.php(180): CWebApplication->processRequest()
#4 C:\wamp\www\testdrive\index.php(13): CApplication->run()
#5 {main}
REQUEST_URI=/testdrive/index.php/user/signout
HTTP_REFERER=http://localhost/testdrive/index.php
---
2013/11/14 07:30:49 [error] [exception.CException] exception 'CException' with message 'Property "CMenu.class" is not defined.' in C:\wamp\www\yii\framework\base\CComponent.php:173
Stack trace:
#0 C:\wamp\www\yii\framework\web\CWidgetFactory.php(161): CComponent->__set('class', 'nav')
#1 C:\wamp\www\yii\framework\web\CBaseController.php(146): CWidgetFactory->createWidget(Object(SiteController), 'zii.widgets.CMe...', Array)
#2 C:\wamp\www\yii\framework\web\CBaseController.php(180): CBaseController->createWidget('zii.widgets.CMe...', Array)
#3 C:\wamp\www\testdrive\protected\views\layouts\header.php(22): CBaseController->widget('zii.widgets.CMe...', Array)
#4 C:\wamp\www\yii\framework\web\CBaseController.php(126): require('C:\wamp\www\tes...')
#5 C:\wamp\www\yii\framework\web\CBaseController.php(95): CBaseController->renderInternal('C:\wamp\www\tes...', Array, true)
#6 C:\wamp\www\yii\framework\web\widgets\CContentDecorator.php(76): CBaseController->renderFile('C:\wamp\www\tes...', Array, true)
#7 C:\wamp\www\yii\framework\web\widgets\CContentDecorator.php(54): CContentDecorator->decorate('')
#8 C:\wamp\www\yii\framework\web\widgets\COutputProcessor.php(44): CContentDecorator->processOutput('')
#9 C:\wamp\www\yii\framework\web\CBaseController.php(214): COutputProcessor->run()
#10 C:\wamp\www\yii\framework\web\CBaseController.php(308): CBaseController->endWidget('CContentDecorat...')
#11 C:\wamp\www\testdrive\protected\views\layouts\main.php(17): CBaseController->endContent()
#12 C:\wamp\www\yii\framework\web\CBaseController.php(126): require('C:\wamp\www\tes...')
#13 C:\wamp\www\yii\framework\web\CBaseController.php(95): CBaseController->renderInternal('C:\wamp\www\tes...', Array, true)
#14 C:\wamp\www\yii\framework\web\widgets\CContentDecorator.php(76): CBaseController->renderFile('C:\wamp\www\tes...', Array, true)
#15 C:\wamp\www\yii\framework\web\widgets\CContentDecorator.php(54): CContentDecorator->decorate('<div id="conten...')
#16 C:\wamp\www\yii\framework\web\widgets\COutputProcessor.php(44): CContentDecorator->processOutput('<div id="conten...')
#17 C:\wamp\www\yii\framework\web\CBaseController.php(214): COutputProcessor->run()
#18 C:\wamp\www\yii\framework\web\CBaseController.php(308): CBaseController->endWidget('CContentDecorat...')
#19 C:\wamp\www\testdrive\protected\views\layouts\column1.php(6): CBaseController->endContent()
#20 C:\wamp\www\yii\framework\web\CBaseController.php(126): require('C:\wamp\www\tes...')
#21 C:\wamp\www\yii\framework\web\CBaseController.php(95): CBaseController->renderInternal('C:\wamp\www\tes...', Array, true)
#22 C:\wamp\www\yii\framework\web\CController.php(784): CBaseController->renderFile('C:\wamp\www\tes...', Array, true)
#23 C:\wamp\www\testdrive\protected\controllers\SiteController.php(32): CController->render('index')
#24 C:\wamp\www\yii\framework\web\actions\CInlineAction.php(49): SiteController->actionIndex()
#25 C:\wamp\www\yii\framework\web\CController.php(308): CInlineAction->runWithParams(Array)
#26 C:\wamp\www\yii\framework\web\CController.php(286): CController->runAction(Object(CInlineAction))
#27 C:\wamp\www\yii\framework\web\CController.php(265): CController->runActionWithFilters(Object(CInlineAction), Array)
#28 C:\wamp\www\yii\framework\web\CWebApplication.php(282): CController->run('')
#29 C:\wamp\www\yii\framework\web\CWebApplication.php(141): CWebApplication->runController('')
#30 C:\wamp\www\yii\framework\base\CApplication.php(180): CWebApplication->processRequest()
#31 C:\wamp\www\testdrive\index.php(13): CApplication->run()
#32 {main}
REQUEST_URI=/testdrive/
HTTP_REFERER=http://localhost/testdrive/index.php/site/contact
---
2013/11/14 07:30:59 [error] [exception.CException] exception 'CException' with message 'Property "CMenu.class" is not defined.' in C:\wamp\www\yii\framework\base\CComponent.php:173
Stack trace:
#0 C:\wamp\www\yii\framework\web\CWidgetFactory.php(161): CComponent->__set('class', 'nav')
#1 C:\wamp\www\yii\framework\web\CBaseController.php(146): CWidgetFactory->createWidget(Object(SiteController), 'zii.widgets.CMe...', Array)
#2 C:\wamp\www\yii\framework\web\CBaseController.php(180): CBaseController->createWidget('zii.widgets.CMe...', Array)
#3 C:\wamp\www\testdrive\protected\views\layouts\header.php(22): CBaseController->widget('zii.widgets.CMe...', Array)
#4 C:\wamp\www\yii\framework\web\CBaseController.php(126): require('C:\wamp\www\tes...')
#5 C:\wamp\www\yii\framework\web\CBaseController.php(95): CBaseController->renderInternal('C:\wamp\www\tes...', Array, true)
#6 C:\wamp\www\yii\framework\web\widgets\CContentDecorator.php(76): CBaseController->renderFile('C:\wamp\www\tes...', Array, true)
#7 C:\wamp\www\yii\framework\web\widgets\CContentDecorator.php(54): CContentDecorator->decorate('')
#8 C:\wamp\www\yii\framework\web\widgets\COutputProcessor.php(44): CContentDecorator->processOutput('')
#9 C:\wamp\www\yii\framework\web\CBaseController.php(214): COutputProcessor->run()
#10 C:\wamp\www\yii\framework\web\CBaseController.php(308): CBaseController->endWidget('CContentDecorat...')
#11 C:\wamp\www\testdrive\protected\views\layouts\main.php(17): CBaseController->endContent()
#12 C:\wamp\www\yii\framework\web\CBaseController.php(126): require('C:\wamp\www\tes...')
#13 C:\wamp\www\yii\framework\web\CBaseController.php(95): CBaseController->renderInternal('C:\wamp\www\tes...', Array, true)
#14 C:\wamp\www\yii\framework\web\widgets\CContentDecorator.php(76): CBaseController->renderFile('C:\wamp\www\tes...', Array, true)
#15 C:\wamp\www\yii\framework\web\widgets\CContentDecorator.php(54): CContentDecorator->decorate('<div id="conten...')
#16 C:\wamp\www\yii\framework\web\widgets\COutputProcessor.php(44): CContentDecorator->processOutput('<div id="conten...')
#17 C:\wamp\www\yii\framework\web\CBaseController.php(214): COutputProcessor->run()
#18 C:\wamp\www\yii\framework\web\CBaseController.php(308): CBaseController->endWidget('CContentDecorat...')
#19 C:\wamp\www\testdrive\protected\views\layouts\column1.php(6): CBaseController->endContent()
#20 C:\wamp\www\yii\framework\web\CBaseController.php(126): require('C:\wamp\www\tes...')
#21 C:\wamp\www\yii\framework\web\CBaseController.php(95): CBaseController->renderInternal('C:\wamp\www\tes...', Array, true)
#22 C:\wamp\www\yii\framework\web\CController.php(784): CBaseController->renderFile('C:\wamp\www\tes...', Array, true)
#23 C:\wamp\www\testdrive\protected\controllers\SiteController.php(32): CController->render('index')
#24 C:\wamp\www\yii\framework\web\actions\CInlineAction.php(49): SiteController->actionIndex()
#25 C:\wamp\www\yii\framework\web\CController.php(308): CInlineAction->runWithParams(Array)
#26 C:\wamp\www\yii\framework\web\CController.php(286): CController->runAction(Object(CInlineAction))
#27 C:\wamp\www\yii\framework\web\CController.php(265): CController->runActionWithFilters(Object(CInlineAction), Array)
#28 C:\wamp\www\yii\framework\web\CWebApplication.php(282): CController->run('')
#29 C:\wamp\www\yii\framework\web\CWebApplication.php(141): CWebApplication->runController('')
#30 C:\wamp\www\yii\framework\base\CApplication.php(180): CWebApplication->processRequest()
#31 C:\wamp\www\testdrive\index.php(13): CApplication->run()
#32 {main}
REQUEST_URI=/testdrive/
HTTP_REFERER=http://localhost/testdrive/index.php/site/contact
---
2013/11/14 07:31:00 [error] [exception.CException] exception 'CException' with message 'Property "CMenu.class" is not defined.' in C:\wamp\www\yii\framework\base\CComponent.php:173
Stack trace:
#0 C:\wamp\www\yii\framework\web\CWidgetFactory.php(161): CComponent->__set('class', 'nav')
#1 C:\wamp\www\yii\framework\web\CBaseController.php(146): CWidgetFactory->createWidget(Object(SiteController), 'zii.widgets.CMe...', Array)
#2 C:\wamp\www\yii\framework\web\CBaseController.php(180): CBaseController->createWidget('zii.widgets.CMe...', Array)
#3 C:\wamp\www\testdrive\protected\views\layouts\header.php(22): CBaseController->widget('zii.widgets.CMe...', Array)
#4 C:\wamp\www\yii\framework\web\CBaseController.php(126): require('C:\wamp\www\tes...')
#5 C:\wamp\www\yii\framework\web\CBaseController.php(95): CBaseController->renderInternal('C:\wamp\www\tes...', Array, true)
#6 C:\wamp\www\yii\framework\web\widgets\CContentDecorator.php(76): CBaseController->renderFile('C:\wamp\www\tes...', Array, true)
#7 C:\wamp\www\yii\framework\web\widgets\CContentDecorator.php(54): CContentDecorator->decorate('')
#8 C:\wamp\www\yii\framework\web\widgets\COutputProcessor.php(44): CContentDecorator->processOutput('')
#9 C:\wamp\www\yii\framework\web\CBaseController.php(214): COutputProcessor->run()
#10 C:\wamp\www\yii\framework\web\CBaseController.php(308): CBaseController->endWidget('CContentDecorat...')
#11 C:\wamp\www\testdrive\protected\views\layouts\main.php(17): CBaseController->endContent()
#12 C:\wamp\www\yii\framework\web\CBaseController.php(126): require('C:\wamp\www\tes...')
#13 C:\wamp\www\yii\framework\web\CBaseController.php(95): CBaseController->renderInternal('C:\wamp\www\tes...', Array, true)
#14 C:\wamp\www\yii\framework\web\widgets\CContentDecorator.php(76): CBaseController->renderFile('C:\wamp\www\tes...', Array, true)
#15 C:\wamp\www\yii\framework\web\widgets\CContentDecorator.php(54): CContentDecorator->decorate('<div id="conten...')
#16 C:\wamp\www\yii\framework\web\widgets\COutputProcessor.php(44): CContentDecorator->processOutput('<div id="conten...')
#17 C:\wamp\www\yii\framework\web\CBaseController.php(214): COutputProcessor->run()
#18 C:\wamp\www\yii\framework\web\CBaseController.php(308): CBaseController->endWidget('CContentDecorat...')
#19 C:\wamp\www\testdrive\protected\views\layouts\column1.php(6): CBaseController->endContent()
#20 C:\wamp\www\yii\framework\web\CBaseController.php(126): require('C:\wamp\www\tes...')
#21 C:\wamp\www\yii\framework\web\CBaseController.php(95): CBaseController->renderInternal('C:\wamp\www\tes...', Array, true)
#22 C:\wamp\www\yii\framework\web\CController.php(784): CBaseController->renderFile('C:\wamp\www\tes...', Array, true)
#23 C:\wamp\www\testdrive\protected\controllers\SiteController.php(32): CController->render('index')
#24 C:\wamp\www\yii\framework\web\actions\CInlineAction.php(49): SiteController->actionIndex()
#25 C:\wamp\www\yii\framework\web\CController.php(308): CInlineAction->runWithParams(Array)
#26 C:\wamp\www\yii\framework\web\CController.php(286): CController->runAction(Object(CInlineAction))
#27 C:\wamp\www\yii\framework\web\CController.php(265): CController->runActionWithFilters(Object(CInlineAction), Array)
#28 C:\wamp\www\yii\framework\web\CWebApplication.php(282): CController->run('')
#29 C:\wamp\www\yii\framework\web\CWebApplication.php(141): CWebApplication->runController('')
#30 C:\wamp\www\yii\framework\base\CApplication.php(180): CWebApplication->processRequest()
#31 C:\wamp\www\testdrive\index.php(13): CApplication->run()
#32 {main}
REQUEST_URI=/testdrive/
HTTP_REFERER=http://localhost/testdrive/index.php/site/contact
---
2013/11/14 07:31:29 [error] [exception.CException] exception 'CException' with message 'Property "CMenu.class" is not defined.' in C:\wamp\www\yii\framework\base\CComponent.php:173
Stack trace:
#0 C:\wamp\www\yii\framework\web\CWidgetFactory.php(161): CComponent->__set('class', 'nav')
#1 C:\wamp\www\yii\framework\web\CBaseController.php(146): CWidgetFactory->createWidget(Object(SiteController), 'zii.widgets.CMe...', Array)
#2 C:\wamp\www\yii\framework\web\CBaseController.php(180): CBaseController->createWidget('zii.widgets.CMe...', Array)
#3 C:\wamp\www\testdrive\protected\views\layouts\header.php(22): CBaseController->widget('zii.widgets.CMe...', Array)
#4 C:\wamp\www\yii\framework\web\CBaseController.php(126): require('C:\wamp\www\tes...')
#5 C:\wamp\www\yii\framework\web\CBaseController.php(95): CBaseController->renderInternal('C:\wamp\www\tes...', Array, true)
#6 C:\wamp\www\yii\framework\web\widgets\CContentDecorator.php(76): CBaseController->renderFile('C:\wamp\www\tes...', Array, true)
#7 C:\wamp\www\yii\framework\web\widgets\CContentDecorator.php(54): CContentDecorator->decorate('')
#8 C:\wamp\www\yii\framework\web\widgets\COutputProcessor.php(44): CContentDecorator->processOutput('')
#9 C:\wamp\www\yii\framework\web\CBaseController.php(214): COutputProcessor->run()
#10 C:\wamp\www\yii\framework\web\CBaseController.php(308): CBaseController->endWidget('CContentDecorat...')
#11 C:\wamp\www\testdrive\protected\views\layouts\main.php(17): CBaseController->endContent()
#12 C:\wamp\www\yii\framework\web\CBaseController.php(126): require('C:\wamp\www\tes...')
#13 C:\wamp\www\yii\framework\web\CBaseController.php(95): CBaseController->renderInternal('C:\wamp\www\tes...', Array, true)
#14 C:\wamp\www\yii\framework\web\widgets\CContentDecorator.php(76): CBaseController->renderFile('C:\wamp\www\tes...', Array, true)
#15 C:\wamp\www\yii\framework\web\widgets\CContentDecorator.php(54): CContentDecorator->decorate('<div id="conten...')
#16 C:\wamp\www\yii\framework\web\widgets\COutputProcessor.php(44): CContentDecorator->processOutput('<div id="conten...')
#17 C:\wamp\www\yii\framework\web\CBaseController.php(214): COutputProcessor->run()
#18 C:\wamp\www\yii\framework\web\CBaseController.php(308): CBaseController->endWidget('CContentDecorat...')
#19 C:\wamp\www\testdrive\protected\views\layouts\column1.php(6): CBaseController->endContent()
#20 C:\wamp\www\yii\framework\web\CBaseController.php(126): require('C:\wamp\www\tes...')
#21 C:\wamp\www\yii\framework\web\CBaseController.php(95): CBaseController->renderInternal('C:\wamp\www\tes...', Array, true)
#22 C:\wamp\www\yii\framework\web\CController.php(784): CBaseController->renderFile('C:\wamp\www\tes...', Array, true)
#23 C:\wamp\www\testdrive\protected\controllers\SiteController.php(32): CController->render('index')
#24 C:\wamp\www\yii\framework\web\actions\CInlineAction.php(49): SiteController->actionIndex()
#25 C:\wamp\www\yii\framework\web\CController.php(308): CInlineAction->runWithParams(Array)
#26 C:\wamp\www\yii\framework\web\CController.php(286): CController->runAction(Object(CInlineAction))
#27 C:\wamp\www\yii\framework\web\CController.php(265): CController->runActionWithFilters(Object(CInlineAction), Array)
#28 C:\wamp\www\yii\framework\web\CWebApplication.php(282): CController->run('')
#29 C:\wamp\www\yii\framework\web\CWebApplication.php(141): CWebApplication->runController('')
#30 C:\wamp\www\yii\framework\base\CApplication.php(180): CWebApplication->processRequest()
#31 C:\wamp\www\testdrive\index.php(13): CApplication->run()
#32 {main}
REQUEST_URI=/testdrive/
HTTP_REFERER=http://localhost/testdrive/index.php/site/contact
---
2013/11/14 07:33:30 [error] [exception.CHttpException.404] exception 'CHttpException' with message 'The system is unable to find the requested action "logout".' in C:\wamp\www\yii\framework\web\CController.php:483
Stack trace:
#0 C:\wamp\www\yii\framework\web\CController.php(270): CController->missingAction('logout')
#1 C:\wamp\www\yii\framework\web\CWebApplication.php(282): CController->run('logout')
#2 C:\wamp\www\yii\framework\web\CWebApplication.php(141): CWebApplication->runController('site/logout')
#3 C:\wamp\www\yii\framework\base\CApplication.php(180): CWebApplication->processRequest()
#4 C:\wamp\www\testdrive\index.php(13): CApplication->run()
#5 {main}
REQUEST_URI=/testdrive/index.php/site/logout
HTTP_REFERER=http://localhost/testdrive/index.php/site/contact
---
2013/11/14 07:33:36 [error] [exception.CHttpException.404] exception 'CHttpException' with message 'The system is unable to find the requested action "login".' in C:\wamp\www\yii\framework\web\CController.php:483
Stack trace:
#0 C:\wamp\www\yii\framework\web\CController.php(270): CController->missingAction('login')
#1 C:\wamp\www\yii\framework\web\CWebApplication.php(282): CController->run('login')
#2 C:\wamp\www\yii\framework\web\CWebApplication.php(141): CWebApplication->runController('site/login')
#3 C:\wamp\www\yii\framework\base\CApplication.php(180): CWebApplication->processRequest()
#4 C:\wamp\www\testdrive\index.php(13): CApplication->run()
#5 {main}
REQUEST_URI=/testdrive/index.php/site/login
HTTP_REFERER=http://localhost/testdrive/index.php
---
2013/11/14 07:35:27 [error] [exception.CHttpException.404] exception 'CHttpException' with message 'The system is unable to find the requested action "login".' in C:\wamp\www\yii\framework\web\CController.php:483
Stack trace:
#0 C:\wamp\www\yii\framework\web\CController.php(270): CController->missingAction('login')
#1 C:\wamp\www\yii\framework\web\CWebApplication.php(282): CController->run('login')
#2 C:\wamp\www\yii\framework\web\CWebApplication.php(141): CWebApplication->runController('site/login')
#3 C:\wamp\www\yii\framework\base\CApplication.php(180): CWebApplication->processRequest()
#4 C:\wamp\www\testdrive\index.php(13): CApplication->run()
#5 {main}
REQUEST_URI=/testdrive/index.php/site/login
HTTP_REFERER=http://localhost/testdrive/index.php
---
2013/11/14 07:36:11 [error] [exception.CHttpException.404] exception 'CHttpException' with message 'The system is unable to find the requested action "logout".' in C:\wamp\www\yii\framework\web\CController.php:483
Stack trace:
#0 C:\wamp\www\yii\framework\web\CController.php(270): CController->missingAction('logout')
#1 C:\wamp\www\yii\framework\web\CWebApplication.php(282): CController->run('logout')
#2 C:\wamp\www\yii\framework\web\CWebApplication.php(141): CWebApplication->runController('site/logout')
#3 C:\wamp\www\yii\framework\base\CApplication.php(180): CWebApplication->processRequest()
#4 C:\wamp\www\testdrive\index.php(13): CApplication->run()
#5 {main}
REQUEST_URI=/testdrive/index.php/site/logout
HTTP_REFERER=http://localhost/testdrive/index.php
---
2013/11/14 07:39:46 [error] [exception.CHttpException.404] exception 'CHttpException' with message 'The system is unable to find the requested action "signup".' in C:\wamp\www\yii\framework\web\CController.php:483
Stack trace:
#0 C:\wamp\www\yii\framework\web\CController.php(270): CController->missingAction('signup')
#1 C:\wamp\www\yii\framework\web\CWebApplication.php(282): CController->run('signup')
#2 C:\wamp\www\yii\framework\web\CWebApplication.php(141): CWebApplication->runController('site/signup')
#3 C:\wamp\www\yii\framework\base\CApplication.php(180): CWebApplication->processRequest()
#4 C:\wamp\www\testdrive\index.php(13): CApplication->run()
#5 {main}
REQUEST_URI=/testdrive/index.php/site/signup
HTTP_REFERER=http://localhost/testdrive/index.php/user/signin
---
2013/11/14 07:40:48 [error] [exception.CHttpException.404] exception 'CHttpException' with message 'The system is unable to find the requested action "signup".' in C:\wamp\www\yii\framework\web\CController.php:483
Stack trace:
#0 C:\wamp\www\yii\framework\web\CController.php(270): CController->missingAction('signup')
#1 C:\wamp\www\yii\framework\web\CWebApplication.php(282): CController->run('signup')
#2 C:\wamp\www\yii\framework\web\CWebApplication.php(141): CWebApplication->runController('site/signup')
#3 C:\wamp\www\yii\framework\base\CApplication.php(180): CWebApplication->processRequest()
#4 C:\wamp\www\testdrive\index.php(13): CApplication->run()
#5 {main}
REQUEST_URI=/testdrive/index.php/site/signup
HTTP_REFERER=http://localhost/testdrive/index.php/user/signin
---
2013/11/15 02:48:58 [error] [system.db.CDbCommand] CDbCommand::fetchAll() failed: SQLSTATE[42S02]: Base table or view not found: 1146 Table 'testdrive.tbl_user' doesn't exist. The SQL statement executed was: SHOW FULL COLUMNS FROM `tbl_user`.
in C:\wamp\www\testdrive\index.php (13)
2013/11/15 02:55:09 [error] [exception.CHttpException.404] exception 'CHttpException' with message 'The system is unable to find the requested action "signin".' in C:\wamp\www\yii\framework\web\CController.php:483
Stack trace:
#0 C:\wamp\www\yii\framework\web\CController.php(270): CController->missingAction('signin')
#1 C:\wamp\www\yii\framework\web\CWebApplication.php(282): CController->run('signin')
#2 C:\wamp\www\yii\framework\web\CWebApplication.php(141): CWebApplication->runController('user/signin')
#3 C:\wamp\www\yii\framework\base\CApplication.php(180): CWebApplication->processRequest()
#4 C:\wamp\www\testdrive\index.php(13): CApplication->run()
#5 {main}
REQUEST_URI=/testdrive/index.php/user/signin
HTTP_REFERER=http://localhost/testdrive/index.php
---
2013/11/15 02:55:23 [error] [php] Undefined variable: model (C:\wamp\www\testdrive\protected\views\site\signup.php:20)
Stack trace:
#0 C:\wamp\www\yii\framework\web\CController.php(869): SiteController->renderFile()
#1 C:\wamp\www\yii\framework\web\CController.php(782): SiteController->renderPartial()
#2 C:\wamp\www\testdrive\protected\controllers\SiteController.php(106): SiteController->render()
#3 C:\wamp\www\yii\framework\web\actions\CInlineAction.php(49): SiteController->actionSignup()
#4 C:\wamp\www\yii\framework\web\CController.php(308): CInlineAction->runWithParams()
#5 C:\wamp\www\yii\framework\web\CController.php(286): SiteController->runAction()
#6 C:\wamp\www\yii\framework\web\CController.php(265): SiteController->runActionWithFilters()
#7 C:\wamp\www\yii\framework\web\CWebApplication.php(282): SiteController->run()
#8 C:\wamp\www\yii\framework\web\CWebApplication.php(141): CWebApplication->runController()
#9 C:\wamp\www\yii\framework\base\CApplication.php(180): CWebApplication->processRequest()
#10 C:\wamp\www\testdrive\index.php(13): CWebApplication->run()
REQUEST_URI=/testdrive/index.php/site/signup
in C:\wamp\www\testdrive\protected\views\site\signup.php (20)
in C:\wamp\www\testdrive\protected\controllers\SiteController.php (106)
in C:\wamp\www\testdrive\index.php (13)
2013/11/15 02:55:38 [error] [exception.CHttpException.404] exception 'CHttpException' with message 'The system is unable to find the requested action "signin".' in C:\wamp\www\yii\framework\web\CController.php:483
Stack trace:
#0 C:\wamp\www\yii\framework\web\CController.php(270): CController->missingAction('signin')
#1 C:\wamp\www\yii\framework\web\CWebApplication.php(282): CController->run('signin')
#2 C:\wamp\www\yii\framework\web\CWebApplication.php(141): CWebApplication->runController('user/signin')
#3 C:\wamp\www\yii\framework\base\CApplication.php(180): CWebApplication->processRequest()
#4 C:\wamp\www\testdrive\index.php(13): CApplication->run()
#5 {main}
REQUEST_URI=/testdrive/index.php/user/signin
HTTP_REFERER=http://localhost/testdrive/index.php/site/signup
---
2013/11/15 03:05:09 [error] [exception.CHttpException.404] exception 'CHttpException' with message 'The system is unable to find the requested action "login".' in C:\wamp\www\yii\framework\web\CController.php:483
Stack trace:
#0 C:\wamp\www\yii\framework\web\CController.php(270): CController->missingAction('login')
#1 C:\wamp\www\yii\framework\web\CWebApplication.php(282): CController->run('login')
#2 C:\wamp\www\yii\framework\web\CWebApplication.php(141): CWebApplication->runController('site/login')
#3 C:\wamp\www\yii\framework\base\CApplication.php(180): CWebApplication->processRequest()
#4 C:\wamp\www\testdrive\index.php(13): CApplication->run()
#5 {main}
REQUEST_URI=/testdrive/index.php/site/login
HTTP_REFERER=http://localhost/testdrive/index.php/user
---
2013/11/15 03:05:12 [error] [exception.CHttpException.404] exception 'CHttpException' with message 'The system is unable to find the requested action "signin".' in C:\wamp\www\yii\framework\web\CController.php:483
Stack trace:
#0 C:\wamp\www\yii\framework\web\CController.php(270): CController->missingAction('signin')
#1 C:\wamp\www\yii\framework\web\CWebApplication.php(282): CController->run('signin')
#2 C:\wamp\www\yii\framework\web\CWebApplication.php(141): CWebApplication->runController('user/signin')
#3 C:\wamp\www\yii\framework\base\CApplication.php(180): CWebApplication->processRequest()
#4 C:\wamp\www\testdrive\index.php(13): CApplication->run()
#5 {main}
REQUEST_URI=/testdrive/index.php/user/signin
HTTP_REFERER=http://localhost/testdrive/index.php/site/login
---
2013/11/15 03:05:15 [error] [exception.CHttpException.404] exception 'CHttpException' with message 'The system is unable to find the requested action "login".' in C:\wamp\www\yii\framework\web\CController.php:483
Stack trace:
#0 C:\wamp\www\yii\framework\web\CController.php(270): CController->missingAction('login')
#1 C:\wamp\www\yii\framework\web\CWebApplication.php(282): CController->run('login')
#2 C:\wamp\www\yii\framework\web\CWebApplication.php(141): CWebApplication->runController('site/login')
#3 C:\wamp\www\yii\framework\base\CApplication.php(180): CWebApplication->processRequest()
#4 C:\wamp\www\testdrive\index.php(13): CApplication->run()
#5 {main}
REQUEST_URI=/testdrive/index.php/site/login
HTTP_REFERER=http://localhost/testdrive/index.php/user
---
2013/11/15 03:05:21 [error] [exception.CHttpException.404] exception 'CHttpException' with message 'The system is unable to find the requested action "login".' in C:\wamp\www\yii\framework\web\CController.php:483
Stack trace:
#0 C:\wamp\www\yii\framework\web\CController.php(270): CController->missingAction('login')
#1 C:\wamp\www\yii\framework\web\CWebApplication.php(282): CController->run('login')
#2 C:\wamp\www\yii\framework\web\CWebApplication.php(141): CWebApplication->runController('user/login')
#3 C:\wamp\www\yii\framework\base\CApplication.php(180): CWebApplication->processRequest()
#4 C:\wamp\www\testdrive\index.php(13): CApplication->run()
#5 {main}
REQUEST_URI=/testdrive/index.php/user/login
---
2013/11/15 03:05:25 [error] [exception.CHttpException.404] exception 'CHttpException' with message 'The system is unable to find the requested action "login".' in C:\wamp\www\yii\framework\web\CController.php:483
Stack trace:
#0 C:\wamp\www\yii\framework\web\CController.php(270): CController->missingAction('login')
#1 C:\wamp\www\yii\framework\web\CWebApplication.php(282): CController->run('login')
#2 C:\wamp\www\yii\framework\web\CWebApplication.php(141): CWebApplication->runController('site/login')
#3 C:\wamp\www\yii\framework\base\CApplication.php(180): CWebApplication->processRequest()
#4 C:\wamp\www\testdrive\index.php(13): CApplication->run()
#5 {main}
REQUEST_URI=/testdrive/index.php/site/login
HTTP_REFERER=http://localhost/testdrive/index.php/user
---
2013/11/15 03:05:35 [error] [exception.CHttpException.403] exception 'CHttpException' with message 'You are not authorized to perform this action.' in C:\wamp\www\yii\framework\web\auth\CAccessControlFilter.php:182
Stack trace:
#0 C:\wamp\www\yii\framework\web\auth\CAccessControlFilter.php(145): CAccessControlFilter->accessDenied(Object(CWebUser), 'You are not aut...')
#1 C:\wamp\www\yii\framework\web\filters\CFilter.php(38): CAccessControlFilter->preFilter(Object(CFilterChain))
#2 C:\wamp\www\yii\framework\web\CController.php(1145): CFilter->filter(Object(CFilterChain))
#3 C:\wamp\www\yii\framework\web\filters\CInlineFilter.php(58): CController->filterAccessControl(Object(CFilterChain))
#4 C:\wamp\www\yii\framework\web\filters\CFilterChain.php(130): CInlineFilter->filter(Object(CFilterChain))
#5 C:\wamp\www\yii\framework\web\CController.php(291): CFilterChain->run()
#6 C:\wamp\www\yii\framework\web\CController.php(265): CController->runActionWithFilters(Object(CInlineAction), Array)
#7 C:\wamp\www\yii\framework\web\CWebApplication.php(282): CController->run('admin')
#8 C:\wamp\www\yii\framework\web\CWebApplication.php(141): CWebApplication->runController('user/admin')
#9 C:\wamp\www\yii\framework\base\CApplication.php(180): CWebApplication->processRequest()
#10 C:\wamp\www\testdrive\index.php(13): CApplication->run()
#11 {main}
REQUEST_URI=/testdrive/index.php/user/admin
HTTP_REFERER=http://localhost/testdrive/index.php/site/signin
---
2013/11/15 03:05:44 [error] [exception.CHttpException.403] exception 'CHttpException' with message 'You are not authorized to perform this action.' in C:\wamp\www\yii\framework\web\auth\CAccessControlFilter.php:182
Stack trace:
#0 C:\wamp\www\yii\framework\web\auth\CAccessControlFilter.php(145): CAccessControlFilter->accessDenied(Object(CWebUser), 'You are not aut...')
#1 C:\wamp\www\yii\framework\web\filters\CFilter.php(38): CAccessControlFilter->preFilter(Object(CFilterChain))
#2 C:\wamp\www\yii\framework\web\CController.php(1145): CFilter->filter(Object(CFilterChain))
#3 C:\wamp\www\yii\framework\web\filters\CInlineFilter.php(58): CController->filterAccessControl(Object(CFilterChain))
#4 C:\wamp\www\yii\framework\web\filters\CFilterChain.php(130): CInlineFilter->filter(Object(CFilterChain))
#5 C:\wamp\www\yii\framework\web\CController.php(291): CFilterChain->run()
#6 C:\wamp\www\yii\framework\web\CController.php(265): CController->runActionWithFilters(Object(CInlineAction), Array)
#7 C:\wamp\www\yii\framework\web\CWebApplication.php(282): CController->run('admin')
#8 C:\wamp\www\yii\framework\web\CWebApplication.php(141): CWebApplication->runController('user/admin')
#9 C:\wamp\www\yii\framework\base\CApplication.php(180): CWebApplication->processRequest()
#10 C:\wamp\www\testdrive\index.php(13): CApplication->run()
#11 {main}
REQUEST_URI=/testdrive/index.php/user/admin
---
2013/11/15 03:05:48 [error] [exception.CHttpException.404] exception 'CHttpException' with message 'The system is unable to find the requested action "signout".' in C:\wamp\www\yii\framework\web\CController.php:483
Stack trace:
#0 C:\wamp\www\yii\framework\web\CController.php(270): CController->missingAction('signout')
#1 C:\wamp\www\yii\framework\web\CWebApplication.php(282): CController->run('signout')
#2 C:\wamp\www\yii\framework\web\CWebApplication.php(141): CWebApplication->runController('user/signout')
#3 C:\wamp\www\yii\framework\base\CApplication.php(180): CWebApplication->processRequest()
#4 C:\wamp\www\testdrive\index.php(13): CApplication->run()
#5 {main}
REQUEST_URI=/testdrive/index.php/user/signout
HTTP_REFERER=http://localhost/testdrive/index.php/user/admin
---
2013/11/15 03:06:52 [error] [exception.CHttpException.404] exception 'CHttpException' with message 'The system is unable to find the requested action "signout".' in C:\wamp\www\yii\framework\web\CController.php:483
Stack trace:
#0 C:\wamp\www\yii\framework\web\CController.php(270): CController->missingAction('signout')
#1 C:\wamp\www\yii\framework\web\CWebApplication.php(282): CController->run('signout')
#2 C:\wamp\www\yii\framework\web\CWebApplication.php(141): CWebApplication->runController('user/signout')
#3 C:\wamp\www\yii\framework\base\CApplication.php(180): CWebApplication->processRequest()
#4 C:\wamp\www\testdrive\index.php(13): CApplication->run()
#5 {main}
REQUEST_URI=/testdrive/index.php/user/signout
HTTP_REFERER=http://localhost/testdrive/index.php/user/admin
---
2013/11/15 03:07:09 [error] [exception.CHttpException.404] exception 'CHttpException' with message 'The system is unable to find the requested action "login".' in C:\wamp\www\yii\framework\web\CController.php:483
Stack trace:
#0 C:\wamp\www\yii\framework\web\CController.php(270): CController->missingAction('login')
#1 C:\wamp\www\yii\framework\web\CWebApplication.php(282): CController->run('login')
#2 C:\wamp\www\yii\framework\web\CWebApplication.php(141): CWebApplication->runController('site/login')
#3 C:\wamp\www\yii\framework\base\CApplication.php(180): CWebApplication->processRequest()
#4 C:\wamp\www\testdrive\index.php(13): CApplication->run()
#5 {main}
REQUEST_URI=/testdrive/index.php/site/login
HTTP_REFERER=http://localhost/testdrive/index.php/user/9
---
2013/11/15 03:09:04 [error] [exception.CHttpException.404] exception 'CHttpException' with message 'The system is unable to find the requested action "login".' in C:\wamp\www\yii\framework\web\CController.php:483
Stack trace:
#0 C:\wamp\www\yii\framework\web\CController.php(270): CController->missingAction('login')
#1 C:\wamp\www\yii\framework\web\CWebApplication.php(282): CController->run('login')
#2 C:\wamp\www\yii\framework\web\CWebApplication.php(141): CWebApplication->runController('site/login')
#3 C:\wamp\www\yii\framework\base\CApplication.php(180): CWebApplication->processRequest()
#4 C:\wamp\www\testdrive\index.php(13): CApplication->run()
#5 {main}
REQUEST_URI=/testdrive/index.php/site/login
HTTP_REFERER=http://localhost/testdrive/index.php/user/index
---
2013/11/15 06:56:34 [error] [exception.CException] exception 'CException' with message 'Property "User.test1" is not defined.' in C:\wamp\www\yii\framework\base\CComponent.php:130
Stack trace:
#0 C:\wamp\www\yii\framework\db\ar\CActiveRecord.php(145): CComponent->__get('test1')
#1 C:\wamp\www\yii\framework\base\CModel.php(596): CActiveRecord->__get('test1')
#2 C:\wamp\www\testdrive\protected\components\UserIdentity.php(30): CModel->offsetGet('test1')
#3 C:\wamp\www\testdrive\protected\models\LoginForm.php(52): UserIdentity->authenticate()
#4 C:\wamp\www\yii\framework\validators\CInlineValidator.php(42): LoginForm->authenticate('password', Array)
#5 C:\wamp\www\yii\framework\validators\CValidator.php(213): CInlineValidator->validateAttribute(Object(LoginForm), 'password')
#6 C:\wamp\www\yii\framework\base\CModel.php(159): CValidator->validate(Object(LoginForm), NULL)
#7 C:\wamp\www\testdrive\protected\controllers\SiteController.php(94): CModel->validate()
#8 C:\wamp\www\yii\framework\web\actions\CInlineAction.php(49): SiteController->actionSignin()
#9 C:\wamp\www\yii\framework\web\CController.php(308): CInlineAction->runWithParams(Array)
#10 C:\wamp\www\yii\framework\web\CController.php(286): CController->runAction(Object(CInlineAction))
#11 C:\wamp\www\yii\framework\web\CController.php(265): CController->runActionWithFilters(Object(CInlineAction), Array)
#12 C:\wamp\www\yii\framework\web\CWebApplication.php(282): CController->run('signin')
#13 C:\wamp\www\yii\framework\web\CWebApplication.php(141): CWebApplication->runController('site/signin')
#14 C:\wamp\www\yii\framework\base\CApplication.php(180): CWebApplication->processRequest()
#15 C:\wamp\www\testdrive\index.php(13): CApplication->run()
#16 {main}
REQUEST_URI=/testdrive/index.php/site/signin
HTTP_REFERER=http://localhost/testdrive/index.php/site/signin
---
2013/11/15 06:57:51 [error] [exception.CException] exception 'CException' with message 'Property "User.test1" is not defined.' in C:\wamp\www\yii\framework\base\CComponent.php:130
Stack trace:
#0 C:\wamp\www\yii\framework\db\ar\CActiveRecord.php(145): CComponent->__get('test1')
#1 C:\wamp\www\yii\framework\base\CModel.php(596): CActiveRecord->__get('test1')
#2 C:\wamp\www\testdrive\protected\components\UserIdentity.php(30): CModel->offsetGet('test1')
#3 C:\wamp\www\testdrive\protected\models\LoginForm.php(52): UserIdentity->authenticate()
#4 C:\wamp\www\yii\framework\validators\CInlineValidator.php(42): LoginForm->authenticate('password', Array)
#5 C:\wamp\www\yii\framework\validators\CValidator.php(213): CInlineValidator->validateAttribute(Object(LoginForm), 'password')
#6 C:\wamp\www\yii\framework\base\CModel.php(159): CValidator->validate(Object(LoginForm), NULL)
#7 C:\wamp\www\testdrive\protected\controllers\SiteController.php(94): CModel->validate()
#8 C:\wamp\www\yii\framework\web\actions\CInlineAction.php(49): SiteController->actionSignin()
#9 C:\wamp\www\yii\framework\web\CController.php(308): CInlineAction->runWithParams(Array)
#10 C:\wamp\www\yii\framework\web\CController.php(286): CController->runAction(Object(CInlineAction))
#11 C:\wamp\www\yii\framework\web\CController.php(265): CController->runActionWithFilters(Object(CInlineAction), Array)
#12 C:\wamp\www\yii\framework\web\CWebApplication.php(282): CController->run('signin')
#13 C:\wamp\www\yii\framework\web\CWebApplication.php(141): CWebApplication->runController('site/signin')
#14 C:\wamp\www\yii\framework\base\CApplication.php(180): CWebApplication->processRequest()
#15 C:\wamp\www\testdrive\index.php(13): CApplication->run()
#16 {main}
REQUEST_URI=/testdrive/index.php/site/signin
HTTP_REFERER=http://localhost/testdrive/index.php/site/signin
---
2013/11/15 07:16:24 [error] [exception.CHttpException.404] exception 'CHttpException' with message 'The system is unable to find the requested action "login".' in C:\wamp\www\yii\framework\web\CController.php:483
Stack trace:
#0 C:\wamp\www\yii\framework\web\CController.php(270): CController->missingAction('login')
#1 C:\wamp\www\yii\framework\web\CWebApplication.php(282): CController->run('login')
#2 C:\wamp\www\yii\framework\web\CWebApplication.php(141): CWebApplication->runController('site/login')
#3 C:\wamp\www\yii\framework\base\CApplication.php(180): CWebApplication->processRequest()
#4 C:\wamp\www\testdrive\index.php(13): CApplication->run()
#5 {main}
REQUEST_URI=/testdrive/index.php/site/login
HTTP_REFERER=http://localhost/testdrive/index.php/user
---
2013/11/15 07:16:37 [error] [exception.CHttpException.404] exception 'CHttpException' with message 'The system is unable to find the requested action "login".' in C:\wamp\www\yii\framework\web\CController.php:483
Stack trace:
#0 C:\wamp\www\yii\framework\web\CController.php(270): CController->missingAction('login')
#1 C:\wamp\www\yii\framework\web\CWebApplication.php(282): CController->run('login')
#2 C:\wamp\www\yii\framework\web\CWebApplication.php(141): CWebApplication->runController('site/login')
#3 C:\wamp\www\yii\framework\base\CApplication.php(180): CWebApplication->processRequest()
#4 C:\wamp\www\testdrive\index.php(13): CApplication->run()
#5 {main}
REQUEST_URI=/testdrive/index.php/site/login
HTTP_REFERER=http://localhost/testdrive/index.php/user
---
2013/11/15 07:16:40 [error] [exception.CHttpException.404] exception 'CHttpException' with message 'The system is unable to find the requested action "login".' in C:\wamp\www\yii\framework\web\CController.php:483
Stack trace:
#0 C:\wamp\www\yii\framework\web\CController.php(270): CController->missingAction('login')
#1 C:\wamp\www\yii\framework\web\CWebApplication.php(282): CController->run('login')
#2 C:\wamp\www\yii\framework\web\CWebApplication.php(141): CWebApplication->runController('site/login')
#3 C:\wamp\www\yii\framework\base\CApplication.php(180): CWebApplication->processRequest()
#4 C:\wamp\www\testdrive\index.php(13): CApplication->run()
#5 {main}
REQUEST_URI=/testdrive/index.php/site/login
HTTP_REFERER=http://localhost/testdrive/index.php/user
---
2013/11/15 07:18:20 [error] [exception.CHttpException.404] exception 'CHttpException' with message 'The system is unable to find the requested action "signup".' in C:\wamp\www\yii\framework\web\CController.php:483
Stack trace:
#0 C:\wamp\www\yii\framework\web\CController.php(270): CController->missingAction('signup')
#1 C:\wamp\www\yii\framework\web\CWebApplication.php(282): CController->run('signup')
#2 C:\wamp\www\yii\framework\web\CWebApplication.php(141): CWebApplication->runController('user/signup')
#3 C:\wamp\www\yii\framework\base\CApplication.php(180): CWebApplication->processRequest()
#4 C:\wamp\www\testdrive\index.php(13): CApplication->run()
#5 {main}
REQUEST_URI=/testdrive/index.php/user/signup
HTTP_REFERER=http://localhost/testdrive/index.php/site/signin
---
2013/11/15 07:18:49 [error] [exception.CHttpException.404] exception 'CHttpException' with message 'The system is unable to find the requested action "login".' in C:\wamp\www\yii\framework\web\CController.php:483
Stack trace:
#0 C:\wamp\www\yii\framework\web\CController.php(270): CController->missingAction('login')
#1 C:\wamp\www\yii\framework\web\CWebApplication.php(282): CController->run('login')
#2 C:\wamp\www\yii\framework\web\CWebApplication.php(141): CWebApplication->runController('site/login')
#3 C:\wamp\www\yii\framework\base\CApplication.php(180): CWebApplication->processRequest()
#4 C:\wamp\www\testdrive\index.php(13): CApplication->run()
#5 {main}
REQUEST_URI=/testdrive/index.php/site/login
HTTP_REFERER=http://localhost/testdrive/index.php/user
---
2013/11/15 07:24:06 [error] [exception.CHttpException.404] exception 'CHttpException' with message 'The system is unable to find the requested action "login".' in C:\wamp\www\yii\framework\web\CController.php:483
Stack trace:
#0 C:\wamp\www\yii\framework\web\CController.php(270): CController->missingAction('login')
#1 C:\wamp\www\yii\framework\web\CWebApplication.php(282): CController->run('login')
#2 C:\wamp\www\yii\framework\web\CWebApplication.php(141): CWebApplication->runController('site/login')
#3 C:\wamp\www\yii\framework\base\CApplication.php(180): CWebApplication->processRequest()
#4 C:\wamp\www\testdrive\index.php(13): CApplication->run()
#5 {main}
REQUEST_URI=/testdrive/index.php/site/login
HTTP_REFERER=http://localhost/testdrive/index.php/user/21
---
2013/11/15 07:24:47 [error] [php] Undefined variable: model (C:\wamp\www\testdrive\protected\views\site\signup.php:20)
Stack trace:
#0 C:\wamp\www\yii\framework\web\CController.php(869): SiteController->renderFile()
#1 C:\wamp\www\yii\framework\web\CController.php(782): SiteController->renderPartial()
#2 C:\wamp\www\testdrive\protected\controllers\SiteController.php(106): SiteController->render()
#3 C:\wamp\www\yii\framework\web\actions\CInlineAction.php(49): SiteController->actionLogin()
#4 C:\wamp\www\yii\framework\web\CController.php(308): CInlineAction->runWithParams()
#5 C:\wamp\www\yii\framework\web\CController.php(286): SiteController->runAction()
#6 C:\wamp\www\yii\framework\web\CController.php(265): SiteController->runActionWithFilters()
#7 C:\wamp\www\yii\framework\web\CWebApplication.php(282): SiteController->run()
#8 C:\wamp\www\yii\framework\web\CWebApplication.php(141): CWebApplication->runController()
#9 C:\wamp\www\yii\framework\base\CApplication.php(180): CWebApplication->processRequest()
#10 C:\wamp\www\testdrive\index.php(13): CWebApplication->run()
REQUEST_URI=/testdrive/index.php/site/login
in C:\wamp\www\testdrive\protected\views\site\signup.php (20)
in C:\wamp\www\testdrive\protected\controllers\SiteController.php (106)
in C:\wamp\www\testdrive\index.php (13)
2013/11/15 07:24:58 [error] [php] Undefined variable: model (C:\wamp\www\testdrive\protected\views\site\signup.php:20)
Stack trace:
#0 C:\wamp\www\yii\framework\web\CController.php(869): SiteController->renderFile()
#1 C:\wamp\www\yii\framework\web\CController.php(782): SiteController->renderPartial()
#2 C:\wamp\www\testdrive\protected\controllers\SiteController.php(106): SiteController->render()
#3 C:\wamp\www\yii\framework\web\actions\CInlineAction.php(49): SiteController->actionLogin()
#4 C:\wamp\www\yii\framework\web\CController.php(308): CInlineAction->runWithParams()
#5 C:\wamp\www\yii\framework\web\CController.php(286): SiteController->runAction()
#6 C:\wamp\www\yii\framework\web\CController.php(265): SiteController->runActionWithFilters()
#7 C:\wamp\www\yii\framework\web\CWebApplication.php(282): SiteController->run()
#8 C:\wamp\www\yii\framework\web\CWebApplication.php(141): CWebApplication->runController()
#9 C:\wamp\www\yii\framework\base\CApplication.php(180): CWebApplication->processRequest()
#10 C:\wamp\www\testdrive\index.php(13): CWebApplication->run()
REQUEST_URI=/testdrive/index.php/site/login
in C:\wamp\www\testdrive\protected\views\site\signup.php (20)
in C:\wamp\www\testdrive\protected\controllers\SiteController.php (106)
in C:\wamp\www\testdrive\index.php (13)
2013/11/15 07:26:04 [error] [php] Undefined variable: model (C:\wamp\www\testdrive\protected\views\site\signup.php:20)
Stack trace:
#0 C:\wamp\www\yii\framework\web\CController.php(869): SiteController->renderFile()
#1 C:\wamp\www\yii\framework\web\CController.php(782): SiteController->renderPartial()
#2 C:\wamp\www\testdrive\protected\controllers\SiteController.php(106): SiteController->render()
#3 C:\wamp\www\yii\framework\web\actions\CInlineAction.php(49): SiteController->actionLogin()
#4 C:\wamp\www\yii\framework\web\CController.php(308): CInlineAction->runWithParams()
#5 C:\wamp\www\yii\framework\web\CController.php(286): SiteController->runAction()
#6 C:\wamp\www\yii\framework\web\CController.php(265): SiteController->runActionWithFilters()
#7 C:\wamp\www\yii\framework\web\CWebApplication.php(282): SiteController->run()
#8 C:\wamp\www\yii\framework\web\CWebApplication.php(141): CWebApplication->runController()
#9 C:\wamp\www\yii\framework\base\CApplication.php(180): CWebApplication->processRequest()
#10 C:\wamp\www\testdrive\index.php(13): CWebApplication->run()
REQUEST_URI=/testdrive/index.php/site/login
in C:\wamp\www\testdrive\protected\views\site\signup.php (20)
in C:\wamp\www\testdrive\protected\controllers\SiteController.php (106)
in C:\wamp\www\testdrive\index.php (13)
2013/11/15 07:31:29 [error] [exception.CHttpException.404] exception 'CHttpException' with message 'The system is unable to find the requested action "signup".' in C:\wamp\www\yii\framework\web\CController.php:483
Stack trace:
#0 C:\wamp\www\yii\framework\web\CController.php(270): CController->missingAction('signup')
#1 C:\wamp\www\yii\framework\web\CWebApplication.php(282): CController->run('signup')
#2 C:\wamp\www\yii\framework\web\CWebApplication.php(141): CWebApplication->runController('user/signup')
#3 C:\wamp\www\yii\framework\base\CApplication.php(180): CWebApplication->processRequest()
#4 C:\wamp\www\testdrive\index.php(13): CApplication->run()
#5 {main}
REQUEST_URI=/testdrive/index.php/user/signup
HTTP_REFERER=http://localhost/testdrive/index.php/site/login
---
2013/11/15 07:32:08 [error] [exception.CHttpException.404] exception 'CHttpException' with message 'The system is unable to find the requested action "signup".' in C:\wamp\www\yii\framework\web\CController.php:483
Stack trace:
#0 C:\wamp\www\yii\framework\web\CController.php(270): CController->missingAction('signup')
#1 C:\wamp\www\yii\framework\web\CWebApplication.php(282): CController->run('signup')
#2 C:\wamp\www\yii\framework\web\CWebApplication.php(141): CWebApplication->runController('user/signup')
#3 C:\wamp\www\yii\framework\base\CApplication.php(180): CWebApplication->processRequest()
#4 C:\wamp\www\testdrive\index.php(13): CApplication->run()
#5 {main}
REQUEST_URI=/testdrive/index.php/user/signup
HTTP_REFERER=http://localhost/testdrive/index.php/site/login
---
2013/11/15 08:30:06 [error] [exception.CHttpException.404] exception 'CHttpException' with message 'The system is unable to find the requested action "signin".' in C:\wamp\www\yii\framework\web\CController.php:483
Stack trace:
#0 C:\wamp\www\yii\framework\web\CController.php(270): CController->missingAction('signin')
#1 C:\wamp\www\yii\framework\web\CWebApplication.php(282): CController->run('signin')
#2 C:\wamp\www\yii\framework\web\CWebApplication.php(141): CWebApplication->runController('site/signin')
#3 C:\wamp\www\yii\framework\base\CApplication.php(180): CWebApplication->processRequest()
#4 C:\wamp\www\testdrive\index.php(13): CApplication->run()
#5 {main}
REQUEST_URI=/testdrive/index.php/site/signin
HTTP_REFERER=http://localhost/testdrive/index.php
---
2013/11/15 08:58:31 [error] [php] array_map() [<a href='function.array-map'>function.array-map</a>]: Argument #2 should be an array (C:\wamp\www\yii\framework\web\auth\CAccessControlFilter.php:115)
Stack trace:
#0 C:\wamp\www\yii\framework\web\filters\CInlineFilter.php(58): UserController->filterAccessControl()
#1 C:\wamp\www\yii\framework\web\filters\CFilterChain.php(130): CInlineFilter->filter()
#2 C:\wamp\www\yii\framework\web\CController.php(291): CFilterChain->run()
#3 C:\wamp\www\yii\framework\web\CController.php(265): UserController->runActionWithFilters()
#4 C:\wamp\www\yii\framework\web\CWebApplication.php(282): UserController->run()
#5 C:\wamp\www\yii\framework\web\CWebApplication.php(141): CWebApplication->runController()
#6 C:\wamp\www\yii\framework\base\CApplication.php(180): CWebApplication->processRequest()
#7 C:\wamp\www\testdrive\index.php(13): CWebApplication->run()
REQUEST_URI=/testdrive/index.php/user
in C:\wamp\www\testdrive\index.php (13)
2013/11/15 08:58:34 [error] [php] array_map() [<a href='function.array-map'>function.array-map</a>]: Argument #2 should be an array (C:\wamp\www\yii\framework\web\auth\CAccessControlFilter.php:115)
Stack trace:
#0 C:\wamp\www\yii\framework\web\filters\CInlineFilter.php(58): UserController->filterAccessControl()
#1 C:\wamp\www\yii\framework\web\filters\CFilterChain.php(130): CInlineFilter->filter()
#2 C:\wamp\www\yii\framework\web\CController.php(291): CFilterChain->run()
#3 C:\wamp\www\yii\framework\web\CController.php(265): UserController->runActionWithFilters()
#4 C:\wamp\www\yii\framework\web\CWebApplication.php(282): UserController->run()
#5 C:\wamp\www\yii\framework\web\CWebApplication.php(141): CWebApplication->runController()
#6 C:\wamp\www\yii\framework\base\CApplication.php(180): CWebApplication->processRequest()
#7 C:\wamp\www\testdrive\index.php(13): CWebApplication->run()
REQUEST_URI=/testdrive/index.php/user
in C:\wamp\www\testdrive\index.php (13)
2013/11/15 08:58:39 [error] [php] array_map() [<a href='function.array-map'>function.array-map</a>]: Argument #2 should be an array (C:\wamp\www\yii\framework\web\auth\CAccessControlFilter.php:115)
Stack trace:
#0 C:\wamp\www\yii\framework\web\filters\CInlineFilter.php(58): UserController->filterAccessControl()
#1 C:\wamp\www\yii\framework\web\filters\CFilterChain.php(130): CInlineFilter->filter()
#2 C:\wamp\www\yii\framework\web\CController.php(291): CFilterChain->run()
#3 C:\wamp\www\yii\framework\web\CController.php(265): UserController->runActionWithFilters()
#4 C:\wamp\www\yii\framework\web\CWebApplication.php(282): UserController->run()
#5 C:\wamp\www\yii\framework\web\CWebApplication.php(141): CWebApplication->runController()
#6 C:\wamp\www\yii\framework\base\CApplication.php(180): CWebApplication->processRequest()
#7 C:\wamp\www\testdrive\index.php(13): CWebApplication->run()
REQUEST_URI=/testdrive/index.php/user
in C:\wamp\www\testdrive\index.php (13)
2013/11/15 08:58:59 [error] [php] array_map() [<a href='function.array-map'>function.array-map</a>]: Argument #2 should be an array (C:\wamp\www\yii\framework\web\auth\CAccessControlFilter.php:115)
Stack trace:
#0 C:\wamp\www\yii\framework\web\filters\CInlineFilter.php(58): UserController->filterAccessControl()
#1 C:\wamp\www\yii\framework\web\filters\CFilterChain.php(130): CInlineFilter->filter()
#2 C:\wamp\www\yii\framework\web\CController.php(291): CFilterChain->run()
#3 C:\wamp\www\yii\framework\web\CController.php(265): UserController->runActionWithFilters()
#4 C:\wamp\www\yii\framework\web\CWebApplication.php(282): UserController->run()
#5 C:\wamp\www\yii\framework\web\CWebApplication.php(141): CWebApplication->runController()
#6 C:\wamp\www\yii\framework\base\CApplication.php(180): CWebApplication->processRequest()
#7 C:\wamp\www\testdrive\index.php(13): CWebApplication->run()
REQUEST_URI=/testdrive/index.php/user
in C:\wamp\www\testdrive\index.php (13)
2013/11/15 08:59:23 [error] [php] array_map() [<a href='function.array-map'>function.array-map</a>]: Argument #2 should be an array (C:\wamp\www\yii\framework\web\auth\CAccessControlFilter.php:115)
Stack trace:
#0 C:\wamp\www\yii\framework\web\filters\CInlineFilter.php(58): UserController->filterAccessControl()
#1 C:\wamp\www\yii\framework\web\filters\CFilterChain.php(130): CInlineFilter->filter()
#2 C:\wamp\www\yii\framework\web\CController.php(291): CFilterChain->run()
#3 C:\wamp\www\yii\framework\web\CController.php(265): UserController->runActionWithFilters()
#4 C:\wamp\www\yii\framework\web\CWebApplication.php(282): UserController->run()
#5 C:\wamp\www\yii\framework\web\CWebApplication.php(141): CWebApplication->runController()
#6 C:\wamp\www\yii\framework\base\CApplication.php(180): CWebApplication->processRequest()
#7 C:\wamp\www\testdrive\index.php(13): CWebApplication->run()
REQUEST_URI=/testdrive/index.php/user/create
in C:\wamp\www\testdrive\index.php (13)
2013/11/15 09:00:18 [error] [php] Illegal offset type (C:\wamp\www\testdrive\protected\controllers\UserController.php:36)
Stack trace:
#0 C:\wamp\www\yii\framework\web\filters\CFilterChain.php(130): CInlineFilter->filter()
#1 C:\wamp\www\yii\framework\web\CController.php(291): CFilterChain->run()
#2 C:\wamp\www\yii\framework\web\CController.php(265): UserController->runActionWithFilters()
#3 C:\wamp\www\yii\framework\web\CWebApplication.php(282): UserController->run()
#4 C:\wamp\www\yii\framework\web\CWebApplication.php(141): CWebApplication->runController()
#5 C:\wamp\www\yii\framework\base\CApplication.php(180): CWebApplication->processRequest()
#6 C:\wamp\www\testdrive\index.php(13): CWebApplication->run()
REQUEST_URI=/testdrive/index.php/user/create
in C:\wamp\www\testdrive\protected\controllers\UserController.php (36)
in C:\wamp\www\testdrive\index.php (13)
2013/11/15 09:00:19 [error] [php] Illegal offset type (C:\wamp\www\testdrive\protected\controllers\UserController.php:36)
Stack trace:
#0 C:\wamp\www\yii\framework\web\filters\CFilterChain.php(130): CInlineFilter->filter()
#1 C:\wamp\www\yii\framework\web\CController.php(291): CFilterChain->run()
#2 C:\wamp\www\yii\framework\web\CController.php(265): UserController->runActionWithFilters()
#3 C:\wamp\www\yii\framework\web\CWebApplication.php(282): UserController->run()
#4 C:\wamp\www\yii\framework\web\CWebApplication.php(141): CWebApplication->runController()
#5 C:\wamp\www\yii\framework\base\CApplication.php(180): CWebApplication->processRequest()
#6 C:\wamp\www\testdrive\index.php(13): CWebApplication->run()
REQUEST_URI=/testdrive/index.php/user/create
in C:\wamp\www\testdrive\protected\controllers\UserController.php (36)
in C:\wamp\www\testdrive\index.php (13)
2013/11/15 09:00:29 [error] [php] array_map() [<a href='function.array-map'>function.array-map</a>]: Argument #2 should be an array (C:\wamp\www\yii\framework\web\auth\CAccessControlFilter.php:115)
Stack trace:
#0 C:\wamp\www\yii\framework\web\filters\CInlineFilter.php(58): UserController->filterAccessControl()
#1 C:\wamp\www\yii\framework\web\filters\CFilterChain.php(130): CInlineFilter->filter()
#2 C:\wamp\www\yii\framework\web\CController.php(291): CFilterChain->run()
#3 C:\wamp\www\yii\framework\web\CController.php(265): UserController->runActionWithFilters()
#4 C:\wamp\www\yii\framework\web\CWebApplication.php(282): UserController->run()
#5 C:\wamp\www\yii\framework\web\CWebApplication.php(141): CWebApplication->runController()
#6 C:\wamp\www\yii\framework\base\CApplication.php(180): CWebApplication->processRequest()
#7 C:\wamp\www\testdrive\index.php(13): CWebApplication->run()
REQUEST_URI=/testdrive/index.php/user/create
in C:\wamp\www\testdrive\index.php (13)
2013/11/15 09:00:46 [error] [exception.CException] exception 'CException' with message 'Property "CAccessRule.Yii::app()->user" is not defined.' in C:\wamp\www\yii\framework\base\CComponent.php:173
Stack trace:
#0 C:\wamp\www\yii\framework\web\auth\CAccessControlFilter.php(115): CComponent->__set('Yii::app()->use...', Array)
#1 C:\wamp\www\yii\framework\web\CController.php(1144): CAccessControlFilter->setRules(Array)
#2 C:\wamp\www\yii\framework\web\filters\CInlineFilter.php(58): CController->filterAccessControl(Object(CFilterChain))
#3 C:\wamp\www\yii\framework\web\filters\CFilterChain.php(130): CInlineFilter->filter(Object(CFilterChain))
#4 C:\wamp\www\yii\framework\web\CController.php(291): CFilterChain->run()
#5 C:\wamp\www\yii\framework\web\CController.php(265): CController->runActionWithFilters(Object(CInlineAction), Array)
#6 C:\wamp\www\yii\framework\web\CWebApplication.php(282): CController->run('create')
#7 C:\wamp\www\yii\framework\web\CWebApplication.php(141): CWebApplication->runController('user/create')
#8 C:\wamp\www\yii\framework\base\CApplication.php(180): CWebApplication->processRequest()
#9 C:\wamp\www\testdrive\index.php(13): CApplication->run()
#10 {main}
REQUEST_URI=/testdrive/index.php/user/create
HTTP_REFERER=http://localhost/testdrive/index.php/user
---
2013/11/15 09:01:00 [error] [php] Illegal offset type (C:\wamp\www\testdrive\protected\controllers\UserController.php:36)
Stack trace:
#0 C:\wamp\www\yii\framework\web\filters\CFilterChain.php(130): CInlineFilter->filter()
#1 C:\wamp\www\yii\framework\web\CController.php(291): CFilterChain->run()
#2 C:\wamp\www\yii\framework\web\CController.php(265): UserController->runActionWithFilters()
#3 C:\wamp\www\yii\framework\web\CWebApplication.php(282): UserController->run()
#4 C:\wamp\www\yii\framework\web\CWebApplication.php(141): CWebApplication->runController()
#5 C:\wamp\www\yii\framework\base\CApplication.php(180): CWebApplication->processRequest()
#6 C:\wamp\www\testdrive\index.php(13): CWebApplication->run()
REQUEST_URI=/testdrive/index.php/user/create
in C:\wamp\www\testdrive\protected\controllers\UserController.php (36)
in C:\wamp\www\testdrive\index.php (13)
